<?xml version="1.0" encoding="UTF-8"?>
<!-- Generated by org.testng.reporters.JUnitReportReporter -->
<testsuite hostname="Preetams-MacBook-Air.local" failures="0" tests="2" name="testCases.TestCase01" time="32.336" errors="0" timestamp="2023-06-11T11:55:24 IST" skipped="0">
  <testcase classname="testCases.TestCase01" name="testWifinameChange" time="14.079"/>
  <system-out/>
  <testcase classname="testCases.TestCase01" name="testWifinameChange2" time="18.257"/>
  <system-out/>
</testsuite> <!-- testCases.TestCase01 -->
